# JRE version: Java(TM) SE Runtime Environment (8.0_25-b17) (build 1.8.0_25-b17)
# Java VM: Java HotSpot(TM) 64-Bit Server VM (25.25-b02 mixed mode bsd-amd64 compressed oops)
Heap:
 PSYoungGen      total 618496K, used 418004K [0x000000076ab00000, 0x00000007a7c00000, 0x00000007c0000000)
  eden space 269824K, 65% used [0x000000076ab00000,0x00000007756da728,0x000000077b280000)
  from space 348672K, 69% used [0x0000000791200000,0x000000079fe5aac0,0x00000007a6680000)
  to   space 359936K, 0% used [0x000000077b280000,0x000000077b280000,0x0000000791200000)
 ParOldGen       total 583680K, used 332411K [0x00000006c0000000, 0x00000006e3a00000, 0x000000076ab00000)
  object space 583680K, 56% used [0x00000006c0000000,0x00000006d449ec70,0x00000006e3a00000)
 Metaspace       used 23890K, capacity 25328K, committed 25472K, reserved 1071104K
  class space    used 3416K, capacity 3666K, committed 3712K, reserved 1048576K
GC Heap History (10 events):
Event: 8.632 GC heap before
{Heap before GC invocations=16 (full 2):
 PSYoungGen      total 433152K, used 428948K [0x000000076ab00000, 0x000000079a400000, 0x00000007c0000000)
  eden space 199680K, 97% used [0x000000076ab00000,0x00000007769f8c20,0x0000000776e00000)
  from space 233472K, 99% used [0x0000000776e00000,0x00000007851ec488,0x0000000785200000)
  to   space 267264K, 0% used [0x0000000789f00000,0x0000000789f00000,0x000000079a400000)
 ParOldGen       total 583680K, used 332411K [0x00000006c0000000, 0x00000006e3a00000, 0x000000076ab00000)
  object space 583680K, 56% used [0x00000006c0000000,0x00000006d449ec70,0x00000006e3a00000)
 Metaspace       used 23873K, capacity 25328K, committed 25472K, reserved 1071104K
  class space    used 3415K, capacity 3666K, committed 3712K, reserved 1048576K
Event: 8.744 GC heap after
Heap after GC invocations=16 (full 2):
 PSYoungGen      total 480256K, used 246061K [0x000000076ab00000, 0x000000079e300000, 0x00000007c0000000)
  eden space 212992K, 0% used [0x000000076ab00000,0x000000076ab00000,0x0000000777b00000)
  from space 267264K, 92% used [0x0000000789f00000,0x0000000798f4b770,0x000000079a400000)
  to   space 299008K, 0% used [0x0000000777b00000,0x0000000777b00000,0x0000000789f00000)
 ParOldGen       total 583680K, used 332411K [0x00000006c0000000, 0x00000006e3a00000, 0x000000076ab00000)
  object space 583680K, 56% used [0x00000006c0000000,0x00000006d449ec70,0x00000006e3a00000)
 Metaspace       used 23873K, capacity 25328K, committed 25472K, reserved 1071104K
  class space    used 3415K, capacity 3666K, committed 3712K, reserved 1048576K
}
Event: 9.272 GC heap before
{Heap before GC invocations=17 (full 2):
 PSYoungGen      total 480256K, used 458856K [0x000000076ab00000, 0x000000079e300000, 0x00000007c0000000)
  eden space 212992K, 99% used [0x000000076ab00000,0x0000000777acec68,0x0000000777b00000)
  from space 267264K, 92% used [0x0000000789f00000,0x0000000798f4b770,0x000000079a400000)
  to   space 299008K, 0% used [0x0000000777b00000,0x0000000777b00000,0x0000000789f00000)
 ParOldGen       total 583680K, used 332411K [0x00000006c0000000, 0x00000006e3a00000, 0x000000076ab00000)
  object space 583680K, 56% used [0x00000006c0000000,0x00000006d449ec70,0x00000006e3a00000)
 Metaspace       used 23874K, capacity 25328K, committed 25472K, reserved 1071104K
  class space    used 3415K, capacity 3666K, committed 3712K, reserved 1048576K
Event: 9.364 GC heap after
Heap after GC invocations=17 (full 2):
 PSYoungGen      total 512000K, used 241147K [0x000000076ab00000, 0x00000007a1f00000, 0x00000007c0000000)
  eden space 212992K, 0% used [0x000000076ab00000,0x000000076ab00000,0x0000000777b00000)
  from space 299008K, 80% used [0x0000000777b00000,0x000000078667ed98,0x0000000789f00000)
  to   space 322560K, 0% used [0x000000078e400000,0x000000078e400000,0x00000007a1f00000)
 ParOldGen       total 583680K, used 332411K [0x00000006c0000000, 0x00000006e3a00000, 0x000000076ab00000)
  object space 583680K, 56% used [0x00000006c0000000,0x00000006d449ec70,0x00000006e3a00000)
 Metaspace       used 23874K, capacity 25328K, committed 25472K, reserved 1071104K
  class space    used 3415K, capacity 3666K, committed 3712K, reserved 1048576K
}
Event: 9.855 GC heap before
{Heap before GC invocations=18 (full 2):
 PSYoungGen      total 512000K, used 454139K [0x000000076ab00000, 0x00000007a1f00000, 0x00000007c0000000)
  eden space 212992K, 100% used [0x000000076ab00000,0x0000000777b00000,0x0000000777b00000)
  from space 299008K, 80% used [0x0000000777b00000,0x000000078667ed98,0x0000000789f00000)
  to   space 322560K, 0% used [0x000000078e400000,0x000000078e400000,0x00000007a1f00000)
 ParOldGen       total 583680K, used 332411K [0x00000006c0000000, 0x00000006e3a00000, 0x000000076ab00000)
  object space 583680K, 56% used [0x00000006c0000000,0x00000006d449ec70,0x00000006e3a00000)
 Metaspace       used 23875K, capacity 25328K, committed 25472K, reserved 1071104K
  class space    used 3415K, capacity 3666K, committed 3712K, reserved 1048576K
Event: 9.955 GC heap after
Heap after GC invocations=18 (full 2):
 PSYoungGen      total 568832K, used 229320K [0x000000076ab00000, 0x00000007a3980000, 0x00000007c0000000)
  eden space 246272K, 0% used [0x000000076ab00000,0x000000076ab00000,0x0000000779b80000)
  from space 322560K, 71% used [0x000000078e400000,0x000000079c3f23c0,0x00000007a1f00000)
  to   space 336384K, 0% used [0x0000000779b80000,0x0000000779b80000,0x000000078e400000)
 ParOldGen       total 583680K, used 332411K [0x00000006c0000000, 0x00000006e3a00000, 0x000000076ab00000)
  object space 583680K, 56% used [0x00000006c0000000,0x00000006d449ec70,0x00000006e3a00000)
 Metaspace       used 23875K, capacity 25328K, committed 25472K, reserved 1071104K
  class space    used 3415K, capacity 3666K, committed 3712K, reserved 1048576K
}
Event: 10.546 GC heap before
{Heap before GC invocations=19 (full 2):
 PSYoungGen      total 568832K, used 475592K [0x000000076ab00000, 0x00000007a3980000, 0x00000007c0000000)
  eden space 246272K, 100% used [0x000000076ab00000,0x0000000779b80000,0x0000000779b80000)
  from space 322560K, 71% used [0x000000078e400000,0x000000079c3f23c0,0x00000007a1f00000)
  to   space 336384K, 0% used [0x0000000779b80000,0x0000000779b80000,0x000000078e400000)
 ParOldGen       total 583680K, used 332411K [0x00000006c0000000, 0x00000006e3a00000, 0x000000076ab00000)
  object space 583680K, 56% used [0x00000006c0000000,0x00000006d449ec70,0x00000006e3a00000)
 Metaspace       used 23875K, capacity 25328K, committed 25472K, reserved 1071104K
  class space    used 3415K, capacity 3666K, committed 3712K, reserved 1048576K
Event: 10.636 GC heap after
Heap after GC invocations=19 (full 2):
 PSYoungGen      total 582656K, used 234980K [0x000000076ab00000, 0x00000007a6680000, 0x00000007c0000000)
  eden space 246272K, 0% used [0x000000076ab00000,0x000000076ab00000,0x0000000779b80000)
  from space 336384K, 69% used [0x0000000779b80000,0x00000007880f93f8,0x000000078e400000)
  to   space 348672K, 0% used [0x0000000791200000,0x0000000791200000,0x00000007a6680000)
 ParOldGen       total 583680K, used 332411K [0x00000006c0000000, 0x00000006e3a00000, 0x000000076ab00000)
  object space 583680K, 56% used [0x00000006c0000000,0x00000006d449ec70,0x00000006e3a00000)
 Metaspace       used 23875K, capacity 25328K, committed 25472K, reserved 1071104K
  class space    used 3415K, capacity 3666K, committed 3712K, reserved 1048576K
}
Event: 11.201 GC heap before
{Heap before GC invocations=20 (full 2):
 PSYoungGen      total 582656K, used 478843K [0x000000076ab00000, 0x00000007a6680000, 0x00000007c0000000)
  eden space 246272K, 99% used [0x000000076ab00000,0x0000000779925b08,0x0000000779b80000)
  from space 336384K, 69% used [0x0000000779b80000,0x00000007880f93f8,0x000000078e400000)
  to   space 348672K, 0% used [0x0000000791200000,0x0000000791200000,0x00000007a6680000)
 ParOldGen       total 583680K, used 332411K [0x00000006c0000000, 0x00000006e3a00000, 0x000000076ab00000)
  object space 583680K, 56% used [0x00000006c0000000,0x00000006d449ec70,0x00000006e3a00000)
 Metaspace       used 23875K, capacity 25328K, committed 25472K, reserved 1071104K
  class space    used 3415K, capacity 3666K, committed 3712K, reserved 1048576K
Event: 11.302 GC heap after
Heap after GC invocations=20 (full 2):
 PSYoungGen      total 618496K, used 242026K [0x000000076ab00000, 0x00000007a7c00000, 0x00000007c0000000)
  eden space 269824K, 0% used [0x000000076ab00000,0x000000076ab00000,0x000000077b280000)
  from space 348672K, 69% used [0x0000000791200000,0x000000079fe5aac0,0x00000007a6680000)
  to   space 359936K, 0% used [0x000000077b280000,0x000000077b280000,0x0000000791200000)
 ParOldGen       total 583680K, used 332411K [0x00000006c0000000, 0x00000006e3a00000, 0x000000076ab00000)
  object space 583680K, 56% used [0x00000006c0000000,0x00000006d449ec70,0x00000006e3a00000)
 Metaspace       used 23875K, capacity 25328K, committed 25472K, reserved 1071104K
  class space    used 3415K, capacity 3666K, committed 3712K, reserved 1048576K
}

