# JRE version: Java(TM) SE Runtime Environment (8.0_25-b17) (build 1.8.0_25-b17)
# Java VM: Java HotSpot(TM) 64-Bit Server VM (25.25-b02 mixed mode bsd-amd64 compressed oops)
Heap:
 PSYoungGen      total 667136K, used 654373K [0x000000076ab00000, 0x00000007ab800000, 0x00000007c0000000)
  eden space 386560K, 98% used [0x000000076ab00000,0x0000000781f54128,0x0000000782480000)
  from space 280576K, 97% used [0x0000000782480000,0x0000000792f352d8,0x0000000793680000)
  to   space 324096K, 0% used [0x0000000797b80000,0x0000000797b80000,0x00000007ab800000)
 ParOldGen       total 976384K, used 841749K [0x00000006c0000000, 0x00000006fb980000, 0x000000076ab00000)
  object space 976384K, 86% used [0x00000006c0000000,0x00000006f36054e0,0x00000006fb980000)
 Metaspace       used 24406K, capacity 25962K, committed 26112K, reserved 1071104K
  class space    used 3449K, capacity 3727K, committed 3840K, reserved 1048576K
GC Heap History (10 events):
Event: 15.531 GC heap before
{Heap before GC invocations=21 (full 4):
 PSYoungGen      total 557568K, used 473116K [0x000000076ab00000, 0x0000000798100000, 0x00000007c0000000)
  eden space 412672K, 99% used [0x000000076ab00000,0x0000000783d08130,0x0000000783e00000)
  from space 144896K, 42% used [0x000000078f380000,0x0000000792f7f0a8,0x0000000798100000)
  to   space 165376K, 0% used [0x0000000783e00000,0x0000000783e00000,0x000000078df80000)
 ParOldGen       total 976384K, used 572872K [0x00000006c0000000, 0x00000006fb980000, 0x000000076ab00000)
  object space 976384K, 58% used [0x00000006c0000000,0x00000006e2f722b0,0x00000006fb980000)
 Metaspace       used 24398K, capacity 25962K, committed 26112K, reserved 1071104K
  class space    used 3449K, capacity 3727K, committed 3840K, reserved 1048576K
Event: 15.537 GC heap after
Heap after GC invocations=21 (full 4):
 PSYoungGen      total 578048K, used 55123K [0x000000076ab00000, 0x0000000799880000, 0x00000007c0000000)
  eden space 412672K, 0% used [0x000000076ab00000,0x000000076ab00000,0x0000000783e00000)
  from space 165376K, 33% used [0x0000000783e00000,0x00000007873d4df0,0x000000078df80000)
  to   space 158720K, 0% used [0x000000078fd80000,0x000000078fd80000,0x0000000799880000)
 ParOldGen       total 976384K, used 572872K [0x00000006c0000000, 0x00000006fb980000, 0x000000076ab00000)
  object space 976384K, 58% used [0x00000006c0000000,0x00000006e2f722b0,0x00000006fb980000)
 Metaspace       used 24398K, capacity 25962K, committed 26112K, reserved 1071104K
  class space    used 3449K, capacity 3727K, committed 3840K, reserved 1048576K
}
Event: 17.226 GC heap before
{Heap before GC invocations=22 (full 4):
 PSYoungGen      total 578048K, used 465699K [0x000000076ab00000, 0x0000000799880000, 0x00000007c0000000)
  eden space 412672K, 99% used [0x000000076ab00000,0x0000000783bf3f50,0x0000000783e00000)
  from space 165376K, 33% used [0x0000000783e00000,0x00000007873d4df0,0x000000078df80000)
  to   space 158720K, 0% used [0x000000078fd80000,0x000000078fd80000,0x0000000799880000)
 ParOldGen       total 976384K, used 572872K [0x00000006c0000000, 0x00000006fb980000, 0x000000076ab00000)
  object space 976384K, 58% used [0x00000006c0000000,0x00000006e2f722b0,0x00000006fb980000)
 Metaspace       used 24401K, capacity 25962K, committed 26112K, reserved 1071104K
  class space    used 3449K, capacity 3727K, committed 3840K, reserved 1048576K
Event: 17.263 GC heap after
Heap after GC invocations=22 (full 4):
 PSYoungGen      total 592896K, used 136968K [0x000000076ab00000, 0x000000079b300000, 0x00000007c0000000)
  eden space 434176K, 0% used [0x000000076ab00000,0x000000076ab00000,0x0000000785300000)
  from space 158720K, 86% used [0x000000078fd80000,0x00000007983420b8,0x0000000799880000)
  to   space 174592K, 0% used [0x0000000785300000,0x0000000785300000,0x000000078fd80000)
 ParOldGen       total 976384K, used 572872K [0x00000006c0000000, 0x00000006fb980000, 0x000000076ab00000)
  object space 976384K, 58% used [0x00000006c0000000,0x00000006e2f722b0,0x00000006fb980000)
 Metaspace       used 24401K, capacity 25962K, committed 26112K, reserved 1071104K
  class space    used 3449K, capacity 3727K, committed 3840K, reserved 1048576K
}
Event: 18.845 GC heap before
{Heap before GC invocations=23 (full 4):
 PSYoungGen      total 592896K, used 567779K [0x000000076ab00000, 0x000000079b300000, 0x00000007c0000000)
  eden space 434176K, 99% used [0x000000076ab00000,0x0000000784fb6f28,0x0000000785300000)
  from space 158720K, 86% used [0x000000078fd80000,0x00000007983420b8,0x0000000799880000)
  to   space 174592K, 0% used [0x0000000785300000,0x0000000785300000,0x000000078fd80000)
 ParOldGen       total 976384K, used 572872K [0x00000006c0000000, 0x00000006fb980000, 0x000000076ab00000)
  object space 976384K, 58% used [0x00000006c0000000,0x00000006e2f722b0,0x00000006fb980000)
 Metaspace       used 24403K, capacity 25962K, committed 26112K, reserved 1071104K
  class space    used 3449K, capacity 3727K, committed 3840K, reserved 1048576K
Event: 18.899 GC heap after
Heap after GC invocations=23 (full 4):
 PSYoungGen      total 608768K, used 173736K [0x000000076ab00000, 0x000000079fb00000, 0x00000007c0000000)
  eden space 434176K, 0% used [0x000000076ab00000,0x000000076ab00000,0x0000000785300000)
  from space 174592K, 99% used [0x0000000785300000,0x000000078fcaa380,0x000000078fd80000)
  to   space 201216K, 0% used [0x0000000793680000,0x0000000793680000,0x000000079fb00000)
 ParOldGen       total 976384K, used 661908K [0x00000006c0000000, 0x00000006fb980000, 0x000000076ab00000)
  object space 976384K, 67% used [0x00000006c0000000,0x00000006e86652d8,0x00000006fb980000)
 Metaspace       used 24403K, capacity 25962K, committed 26112K, reserved 1071104K
  class space    used 3449K, capacity 3727K, committed 3840K, reserved 1048576K
}
Event: 20.538 GC heap before
{Heap before GC invocations=24 (full 4):
 PSYoungGen      total 608768K, used 604073K [0x000000076ab00000, 0x000000079fb00000, 0x00000007c0000000)
  eden space 434176K, 99% used [0x000000076ab00000,0x0000000784f401b0,0x0000000785300000)
  from space 174592K, 99% used [0x0000000785300000,0x000000078fcaa380,0x000000078fd80000)
  to   space 201216K, 0% used [0x0000000793680000,0x0000000793680000,0x000000079fb00000)
 ParOldGen       total 976384K, used 661908K [0x00000006c0000000, 0x00000006fb980000, 0x000000076ab00000)
  object space 976384K, 67% used [0x00000006c0000000,0x00000006e86652d8,0x00000006fb980000)
 Metaspace       used 24404K, capacity 25962K, committed 26112K, reserved 1071104K
  class space    used 3449K, capacity 3727K, committed 3840K, reserved 1048576K
Event: 20.635 GC heap after
Heap after GC invocations=24 (full 4):
 PSYoungGen      total 587776K, used 201186K [0x000000076ab00000, 0x00000007a9700000, 0x00000007c0000000)
  eden space 386560K, 0% used [0x000000076ab00000,0x000000076ab00000,0x0000000782480000)
  from space 201216K, 99% used [0x0000000793680000,0x000000079faf8ad0,0x000000079fb00000)
  to   space 280576K, 0% used [0x0000000782480000,0x0000000782480000,0x0000000793680000)
 ParOldGen       total 976384K, used 792034K [0x00000006c0000000, 0x00000006fb980000, 0x000000076ab00000)
  object space 976384K, 81% used [0x00000006c0000000,0x00000006f05789f0,0x00000006fb980000)
 Metaspace       used 24404K, capacity 25962K, committed 26112K, reserved 1071104K
  class space    used 3449K, capacity 3727K, committed 3840K, reserved 1048576K
}
Event: 22.030 GC heap before
{Heap before GC invocations=25 (full 4):
 PSYoungGen      total 587776K, used 584350K [0x000000076ab00000, 0x00000007a9700000, 0x00000007c0000000)
  eden space 386560K, 99% used [0x000000076ab00000,0x000000078212edb8,0x0000000782480000)
  from space 201216K, 99% used [0x0000000793680000,0x000000079faf8ad0,0x000000079fb00000)
  to   space 280576K, 0% used [0x0000000782480000,0x0000000782480000,0x0000000793680000)
 ParOldGen       total 976384K, used 792034K [0x00000006c0000000, 0x00000006fb980000, 0x000000076ab00000)
  object space 976384K, 81% used [0x00000006c0000000,0x00000006f05789f0,0x00000006fb980000)
 Metaspace       used 24404K, capacity 25962K, committed 26112K, reserved 1071104K
  class space    used 3449K, capacity 3727K, committed 3840K, reserved 1048576K
Event: 22.076 GC heap after
Heap after GC invocations=25 (full 4):
 PSYoungGen      total 667136K, used 273108K [0x000000076ab00000, 0x00000007ab800000, 0x00000007c0000000)
  eden space 386560K, 0% used [0x000000076ab00000,0x000000076ab00000,0x0000000782480000)
  from space 280576K, 97% used [0x0000000782480000,0x0000000792f352d8,0x0000000793680000)
  to   space 324096K, 0% used [0x0000000797b80000,0x0000000797b80000,0x00000007ab800000)
 ParOldGen       total 976384K, used 841749K [0x00000006c0000000, 0x00000006fb980000, 0x000000076ab00000)
  object space 976384K, 86% used [0x00000006c0000000,0x00000006f36054e0,0x00000006fb980000)
 Metaspace       used 24404K, capacity 25962K, committed 26112K, reserved 1071104K
  class space    used 3449K, capacity 3727K, committed 3840K, reserved 1048576K
}

