# JRE version: Java(TM) SE Runtime Environment (8.0_25-b17) (build 1.8.0_25-b17)
# Java VM: Java HotSpot(TM) 64-Bit Server VM (25.25-b02 mixed mode bsd-amd64 compressed oops)
Heap:
 PSYoungGen      total 444416K, used 242366K [0x000000076ab00000, 0x0000000795980000, 0x00000007c0000000)
  eden space 226304K, 76% used [0x000000076ab00000,0x0000000775477120,0x0000000778800000)
  from space 218112K, 31% used [0x0000000778800000,0x000000077cb38828,0x0000000785d00000)
  to   space 207872K, 0% used [0x0000000788e80000,0x0000000788e80000,0x0000000795980000)
 ParOldGen       total 728064K, used 473793K [0x00000006c0000000, 0x00000006ec700000, 0x000000076ab00000)
  object space 728064K, 65% used [0x00000006c0000000,0x00000006dceb0668,0x00000006ec700000)
 Metaspace       used 26660K, capacity 28430K, committed 28544K, reserved 1073152K
  class space    used 3810K, capacity 4125K, committed 4224K, reserved 1048576K
GC Heap History (10 events):
Event: 4.737 GC heap before
{Heap before GC invocations=12 (full 2):
 PSYoungGen      total 307200K, used 307197K [0x000000076ab00000, 0x0000000790b80000, 0x00000007c0000000)
  eden space 134656K, 100% used [0x000000076ab00000,0x0000000772e80000,0x0000000772e80000)
  from space 172544K, 99% used [0x0000000772e80000,0x000000077d6ff620,0x000000077d700000)
  to   space 219648K, 0% used [0x0000000783500000,0x0000000783500000,0x0000000790b80000)
 ParOldGen       total 409088K, used 291002K [0x00000006c0000000, 0x00000006d8f80000, 0x000000076ab00000)
  object space 409088K, 71% used [0x00000006c0000000,0x00000006d1c2eb58,0x00000006d8f80000)
 Metaspace       used 21628K, capacity 22582K, committed 22912K, reserved 1069056K
  class space    used 3139K, capacity 3335K, committed 3456K, reserved 1048576K
Event: 4.823 GC heap after
Heap after GC invocations=12 (full 2):
 PSYoungGen      total 393728K, used 151092K [0x000000076ab00000, 0x0000000792300000, 0x00000007c0000000)
  eden space 174080K, 0% used [0x000000076ab00000,0x000000076ab00000,0x0000000775500000)
  from space 219648K, 68% used [0x0000000783500000,0x000000078c88d1c8,0x0000000790b80000)
  to   space 229376K, 0% used [0x0000000775500000,0x0000000775500000,0x0000000783500000)
 ParOldGen       total 409088K, used 320418K [0x00000006c0000000, 0x00000006d8f80000, 0x000000076ab00000)
  object space 409088K, 78% used [0x00000006c0000000,0x00000006d38e8b58,0x00000006d8f80000)
 Metaspace       used 21628K, capacity 22582K, committed 22912K, reserved 1069056K
  class space    used 3139K, capacity 3335K, committed 3456K, reserved 1048576K
}
Event: 4.932 GC heap before
{Heap before GC invocations=13 (full 2):
 PSYoungGen      total 393728K, used 325172K [0x000000076ab00000, 0x0000000792300000, 0x00000007c0000000)
  eden space 174080K, 100% used [0x000000076ab00000,0x0000000775500000,0x0000000775500000)
  from space 219648K, 68% used [0x0000000783500000,0x000000078c88d1c8,0x0000000790b80000)
  to   space 229376K, 0% used [0x0000000775500000,0x0000000775500000,0x0000000783500000)
 ParOldGen       total 409088K, used 320418K [0x00000006c0000000, 0x00000006d8f80000, 0x000000076ab00000)
  object space 409088K, 78% used [0x00000006c0000000,0x00000006d38e8b58,0x00000006d8f80000)
 Metaspace       used 21628K, capacity 22582K, committed 22912K, reserved 1069056K
  class space    used 3139K, capacity 3335K, committed 3456K, reserved 1048576K
Event: 5.013 GC heap after
Heap after GC invocations=13 (full 2):
 PSYoungGen      total 403456K, used 84409K [0x000000076ab00000, 0x0000000794500000, 0x00000007c0000000)
  eden space 174080K, 0% used [0x000000076ab00000,0x000000076ab00000,0x0000000775500000)
  from space 229376K, 36% used [0x0000000775500000,0x000000077a76e438,0x0000000783500000)
  to   space 218112K, 0% used [0x0000000787000000,0x0000000787000000,0x0000000794500000)
 ParOldGen       total 409088K, used 397354K [0x00000006c0000000, 0x00000006d8f80000, 0x000000076ab00000)
  object space 409088K, 97% used [0x00000006c0000000,0x00000006d840ab58,0x00000006d8f80000)
 Metaspace       used 21628K, capacity 22582K, committed 22912K, reserved 1069056K
  class space    used 3139K, capacity 3335K, committed 3456K, reserved 1048576K
}
Event: 5.013 GC heap before
{Heap before GC invocations=14 (full 3):
 PSYoungGen      total 403456K, used 84409K [0x000000076ab00000, 0x0000000794500000, 0x00000007c0000000)
  eden space 174080K, 0% used [0x000000076ab00000,0x000000076ab00000,0x0000000775500000)
  from space 229376K, 36% used [0x0000000775500000,0x000000077a76e438,0x0000000783500000)
  to   space 218112K, 0% used [0x0000000787000000,0x0000000787000000,0x0000000794500000)
 ParOldGen       total 409088K, used 397354K [0x00000006c0000000, 0x00000006d8f80000, 0x000000076ab00000)
  object space 409088K, 97% used [0x00000006c0000000,0x00000006d840ab58,0x00000006d8f80000)
 Metaspace       used 21628K, capacity 22582K, committed 22912K, reserved 1069056K
  class space    used 3139K, capacity 3335K, committed 3456K, reserved 1048576K
Event: 6.380 GC heap after
Heap after GC invocations=14 (full 3):
 PSYoungGen      total 403456K, used 64666K [0x000000076ab00000, 0x0000000794500000, 0x00000007c0000000)
  eden space 174080K, 0% used [0x000000076ab00000,0x000000076ab00000,0x0000000775500000)
  from space 229376K, 28% used [0x0000000775500000,0x00000007794268e0,0x0000000783500000)
  to   space 218112K, 0% used [0x0000000787000000,0x0000000787000000,0x0000000794500000)
 ParOldGen       total 728064K, used 408779K [0x00000006c0000000, 0x00000006ec700000, 0x000000076ab00000)
  object space 728064K, 56% used [0x00000006c0000000,0x00000006d8f32d48,0x00000006ec700000)
 Metaspace       used 21628K, capacity 22582K, committed 22912K, reserved 1069056K
  class space    used 3139K, capacity 3335K, committed 3456K, reserved 1048576K
}
Event: 6.478 GC heap before
{Heap before GC invocations=15 (full 3):
 PSYoungGen      total 403456K, used 238746K [0x000000076ab00000, 0x0000000794500000, 0x00000007c0000000)
  eden space 174080K, 100% used [0x000000076ab00000,0x0000000775500000,0x0000000775500000)
  from space 229376K, 28% used [0x0000000775500000,0x00000007794268e0,0x0000000783500000)
  to   space 218112K, 0% used [0x0000000787000000,0x0000000787000000,0x0000000794500000)
 ParOldGen       total 728064K, used 408779K [0x00000006c0000000, 0x00000006ec700000, 0x000000076ab00000)
  object space 728064K, 56% used [0x00000006c0000000,0x00000006d8f32d48,0x00000006ec700000)
 Metaspace       used 21628K, capacity 22582K, committed 22912K, reserved 1069056K
  class space    used 3139K, capacity 3335K, committed 3456K, reserved 1048576K
Event: 6.538 GC heap after
Heap after GC invocations=15 (full 3):
 PSYoungGen      total 424960K, used 20185K [0x000000076ab00000, 0x0000000793200000, 0x00000007c0000000)
  eden space 226304K, 0% used [0x000000076ab00000,0x000000076ab00000,0x0000000778800000)
  from space 198656K, 10% used [0x0000000787000000,0x00000007883b6520,0x0000000793200000)
  to   space 218112K, 0% used [0x0000000778800000,0x0000000778800000,0x0000000785d00000)
 ParOldGen       total 728064K, used 463753K [0x00000006c0000000, 0x00000006ec700000, 0x000000076ab00000)
  object space 728064K, 63% used [0x00000006c0000000,0x00000006dc4e2668,0x00000006ec700000)
 Metaspace       used 21628K, capacity 22582K, committed 22912K, reserved 1069056K
  class space    used 3139K, capacity 3335K, committed 3456K, reserved 1048576K
}
Event: 7.545 GC heap before
{Heap before GC invocations=16 (full 3):
 PSYoungGen      total 424960K, used 246489K [0x000000076ab00000, 0x0000000793200000, 0x00000007c0000000)
  eden space 226304K, 100% used [0x000000076ab00000,0x0000000778800000,0x0000000778800000)
  from space 198656K, 10% used [0x0000000787000000,0x00000007883b6520,0x0000000793200000)
  to   space 218112K, 0% used [0x0000000778800000,0x0000000778800000,0x0000000785d00000)
 ParOldGen       total 728064K, used 463753K [0x00000006c0000000, 0x00000006ec700000, 0x000000076ab00000)
  object space 728064K, 63% used [0x00000006c0000000,0x00000006dc4e2668,0x00000006ec700000)
 Metaspace       used 23080K, capacity 24364K, committed 24576K, reserved 1071104K
  class space    used 3296K, capacity 3542K, committed 3584K, reserved 1048576K
Event: 7.601 GC heap after
Heap after GC invocations=16 (full 3):
 PSYoungGen      total 444416K, used 68834K [0x000000076ab00000, 0x0000000795980000, 0x00000007c0000000)
  eden space 226304K, 0% used [0x000000076ab00000,0x000000076ab00000,0x0000000778800000)
  from space 218112K, 31% used [0x0000000778800000,0x000000077cb38828,0x0000000785d00000)
  to   space 207872K, 0% used [0x0000000788e80000,0x0000000788e80000,0x0000000795980000)
 ParOldGen       total 728064K, used 473793K [0x00000006c0000000, 0x00000006ec700000, 0x000000076ab00000)
  object space 728064K, 65% used [0x00000006c0000000,0x00000006dceb0668,0x00000006ec700000)
 Metaspace       used 23080K, capacity 24364K, committed 24576K, reserved 1071104K
  class space    used 3296K, capacity 3542K, committed 3584K, reserved 1048576K
}

