# JRE version: Java(TM) SE Runtime Environment (8.0_25-b17) (build 1.8.0_25-b17)
# Java VM: Java HotSpot(TM) 64-Bit Server VM (25.25-b02 mixed mode bsd-amd64 compressed oops)
Heap:
 PSYoungGen      total 606720K, used 425608K [0x000000076ab00000, 0x000000079e680000, 0x00000007c0000000)
  eden space 384512K, 70% used [0x000000076ab00000,0x000000077b1eabf0,0x0000000782280000)
  from space 222208K, 70% used [0x0000000790480000,0x0000000799d37540,0x000000079dd80000)
  to   space 231424K, 0% used [0x0000000782280000,0x0000000782280000,0x0000000790480000)
 ParOldGen       total 707072K, used 486411K [0x00000006c0000000, 0x00000006eb280000, 0x000000076ab00000)
  object space 707072K, 68% used [0x00000006c0000000,0x00000006ddb02d38,0x00000006eb280000)
 Metaspace       used 24091K, capacity 25582K, committed 25728K, reserved 1071104K
  class space    used 3403K, capacity 3675K, committed 3712K, reserved 1048576K
GC Heap History (10 events):
Event: 7.507 GC heap before
{Heap before GC invocations=15 (full 3):
 PSYoungGen      total 415744K, used 258084K [0x000000076ab00000, 0x0000000795700000, 0x00000007c0000000)
  eden space 185344K, 100% used [0x000000076ab00000,0x0000000776000000,0x0000000776000000)
  from space 230400K, 31% used [0x0000000776000000,0x000000077a7092d0,0x0000000784100000)
  to   space 217600K, 0% used [0x0000000788280000,0x0000000788280000,0x0000000795700000)
 ParOldGen       total 707072K, used 402312K [0x00000006c0000000, 0x00000006eb280000, 0x000000076ab00000)
  object space 707072K, 56% used [0x00000006c0000000,0x00000006d88e2098,0x00000006eb280000)
 Metaspace       used 21721K, capacity 22710K, committed 22912K, reserved 1069056K
  class space    used 3146K, capacity 3335K, committed 3456K, reserved 1048576K
Event: 7.583 GC heap after
Heap after GC invocations=15 (full 3):
 PSYoungGen      total 439808K, used 21493K [0x000000076ab00000, 0x0000000794200000, 0x00000007c0000000)
  eden space 243712K, 0% used [0x000000076ab00000,0x000000076ab00000,0x0000000779900000)
  from space 196096K, 10% used [0x0000000788280000,0x000000078977d7a0,0x0000000794200000)
  to   space 217600K, 0% used [0x0000000779900000,0x0000000779900000,0x0000000786d80000)
 ParOldGen       total 707072K, used 464733K [0x00000006c0000000, 0x00000006eb280000, 0x000000076ab00000)
  object space 707072K, 65% used [0x00000006c0000000,0x00000006dc5d7598,0x00000006eb280000)
 Metaspace       used 21721K, capacity 22710K, committed 22912K, reserved 1069056K
  class space    used 3146K, capacity 3335K, committed 3456K, reserved 1048576K
}
Event: 10.238 GC heap before
{Heap before GC invocations=16 (full 3):
 PSYoungGen      total 439808K, used 265205K [0x000000076ab00000, 0x0000000794200000, 0x00000007c0000000)
  eden space 243712K, 100% used [0x000000076ab00000,0x0000000779900000,0x0000000779900000)
  from space 196096K, 10% used [0x0000000788280000,0x000000078977d7a0,0x0000000794200000)
  to   space 217600K, 0% used [0x0000000779900000,0x0000000779900000,0x0000000786d80000)
 ParOldGen       total 707072K, used 464733K [0x00000006c0000000, 0x00000006eb280000, 0x000000076ab00000)
  object space 707072K, 65% used [0x00000006c0000000,0x00000006dc5d7598,0x00000006eb280000)
 Metaspace       used 23882K, capacity 25304K, committed 25472K, reserved 1071104K
  class space    used 3358K, capacity 3598K, committed 3712K, reserved 1048576K
Event: 10.292 GC heap after
Heap after GC invocations=16 (full 3):
 PSYoungGen      total 461312K, used 80957K [0x000000076ab00000, 0x0000000796c00000, 0x00000007c0000000)
  eden space 243712K, 0% used [0x000000076ab00000,0x000000076ab00000,0x0000000779900000)
  from space 217600K, 37% used [0x0000000779900000,0x000000077e80f660,0x0000000786d80000)
  to   space 205824K, 0% used [0x000000078a300000,0x000000078a300000,0x0000000796c00000)
 ParOldGen       total 707072K, used 475429K [0x00000006c0000000, 0x00000006eb280000, 0x000000076ab00000)
  object space 707072K, 67% used [0x00000006c0000000,0x00000006dd049598,0x00000006eb280000)
 Metaspace       used 23882K, capacity 25304K, committed 25472K, reserved 1071104K
  class space    used 3358K, capacity 3598K, committed 3712K, reserved 1048576K
}
Event: 10.391 GC heap before
{Heap before GC invocations=17 (full 3):
 PSYoungGen      total 461312K, used 324669K [0x000000076ab00000, 0x0000000796c00000, 0x00000007c0000000)
  eden space 243712K, 100% used [0x000000076ab00000,0x0000000779900000,0x0000000779900000)
  from space 217600K, 37% used [0x0000000779900000,0x000000077e80f660,0x0000000786d80000)
  to   space 205824K, 0% used [0x000000078a300000,0x000000078a300000,0x0000000796c00000)
 ParOldGen       total 707072K, used 475429K [0x00000006c0000000, 0x00000006eb280000, 0x000000076ab00000)
  object space 707072K, 67% used [0x00000006c0000000,0x00000006dd049598,0x00000006eb280000)
 Metaspace       used 23882K, capacity 25304K, committed 25472K, reserved 1071104K
  class space    used 3358K, capacity 3598K, committed 3712K, reserved 1048576K
Event: 10.452 GC heap after
Heap after GC invocations=17 (full 3):
 PSYoungGen      total 514560K, used 123119K [0x000000076ab00000, 0x0000000797600000, 0x00000007c0000000)
  eden space 308736K, 0% used [0x000000076ab00000,0x000000076ab00000,0x000000077d880000)
  from space 205824K, 59% used [0x000000078a300000,0x0000000791b3bc38,0x0000000796c00000)
  to   space 207360K, 0% used [0x000000077d880000,0x000000077d880000,0x000000078a300000)
 ParOldGen       total 707072K, used 475437K [0x00000006c0000000, 0x00000006eb280000, 0x000000076ab00000)
  object space 707072K, 67% used [0x00000006c0000000,0x00000006dd04b598,0x00000006eb280000)
 Metaspace       used 23882K, capacity 25304K, committed 25472K, reserved 1071104K
  class space    used 3358K, capacity 3598K, committed 3712K, reserved 1048576K
}
Event: 11.043 GC heap before
{Heap before GC invocations=18 (full 3):
 PSYoungGen      total 514560K, used 430817K [0x000000076ab00000, 0x0000000797600000, 0x00000007c0000000)
  eden space 308736K, 99% used [0x000000076ab00000,0x000000077d77ca30,0x000000077d880000)
  from space 205824K, 59% used [0x000000078a300000,0x0000000791b3bc38,0x0000000796c00000)
  to   space 207360K, 0% used [0x000000077d880000,0x000000077d880000,0x000000078a300000)
 ParOldGen       total 707072K, used 475437K [0x00000006c0000000, 0x00000006eb280000, 0x000000076ab00000)
  object space 707072K, 67% used [0x00000006c0000000,0x00000006dd04b598,0x00000006eb280000)
 Metaspace       used 24086K, capacity 25578K, committed 25728K, reserved 1071104K
  class space    used 3403K, capacity 3675K, committed 3712K, reserved 1048576K
Event: 11.098 GC heap after
Heap after GC invocations=18 (full 3):
 PSYoungGen      total 516096K, used 161600K [0x000000076ab00000, 0x000000079dd80000, 0x00000007c0000000)
  eden space 308736K, 0% used [0x000000076ab00000,0x000000076ab00000,0x000000077d880000)
  from space 207360K, 77% used [0x000000077d880000,0x0000000787650198,0x000000078a300000)
  to   space 222208K, 0% used [0x0000000790480000,0x0000000790480000,0x000000079dd80000)
 ParOldGen       total 707072K, used 486403K [0x00000006c0000000, 0x00000006eb280000, 0x000000076ab00000)
  object space 707072K, 68% used [0x00000006c0000000,0x00000006ddb00d38,0x00000006eb280000)
 Metaspace       used 24086K, capacity 25578K, committed 25728K, reserved 1071104K
  class space    used 3403K, capacity 3675K, committed 3712K, reserved 1048576K
}
Event: 12.335 GC heap before
{Heap before GC invocations=19 (full 3):
 PSYoungGen      total 516096K, used 470336K [0x000000076ab00000, 0x000000079dd80000, 0x00000007c0000000)
  eden space 308736K, 100% used [0x000000076ab00000,0x000000077d880000,0x000000077d880000)
  from space 207360K, 77% used [0x000000077d880000,0x0000000787650198,0x000000078a300000)
  to   space 222208K, 0% used [0x0000000790480000,0x0000000790480000,0x000000079dd80000)
 ParOldGen       total 707072K, used 486403K [0x00000006c0000000, 0x00000006eb280000, 0x000000076ab00000)
  object space 707072K, 68% used [0x00000006c0000000,0x00000006ddb00d38,0x00000006eb280000)
 Metaspace       used 24088K, capacity 25582K, committed 25728K, reserved 1071104K
  class space    used 3403K, capacity 3675K, committed 3712K, reserved 1048576K
Event: 12.409 GC heap after
Heap after GC invocations=19 (full 3):
 PSYoungGen      total 606720K, used 156381K [0x000000076ab00000, 0x000000079e680000, 0x00000007c0000000)
  eden space 384512K, 0% used [0x000000076ab00000,0x000000076ab00000,0x0000000782280000)
  from space 222208K, 70% used [0x0000000790480000,0x0000000799d37540,0x000000079dd80000)
  to   space 231424K, 0% used [0x0000000782280000,0x0000000782280000,0x0000000790480000)
 ParOldGen       total 707072K, used 486411K [0x00000006c0000000, 0x00000006eb280000, 0x000000076ab00000)
  object space 707072K, 68% used [0x00000006c0000000,0x00000006ddb02d38,0x00000006eb280000)
 Metaspace       used 24088K, capacity 25582K, committed 25728K, reserved 1071104K
  class space    used 3403K, capacity 3675K, committed 3712K, reserved 1048576K
}

