# JRE version: Java(TM) SE Runtime Environment (8.0_25-b17) (build 1.8.0_25-b17)
# Java VM: Java HotSpot(TM) 64-Bit Server VM (25.25-b02 mixed mode bsd-amd64 compressed oops)
Heap:
 PSYoungGen      total 836096K, used 515234K [0x000000076ab00000, 0x00000007bad80000, 0x00000007c0000000)
  eden space 375296K, 15% used [0x000000076ab00000,0x000000076e202d70,0x0000000781980000)
  from space 460800K, 99% used [0x000000079e080000,0x00000007ba0a5b30,0x00000007ba280000)
  to   space 465920K, 0% used [0x0000000781980000,0x0000000781980000,0x000000079e080000)
 ParOldGen       total 1145344K, used 736894K [0x00000006c0000000, 0x0000000705e80000, 0x000000076ab00000)
  object space 1145344K, 64% used [0x00000006c0000000,0x00000006ecf9f928,0x0000000705e80000)
 Metaspace       used 24362K, capacity 25884K, committed 26112K, reserved 1071104K
  class space    used 3443K, capacity 3722K, committed 3840K, reserved 1048576K
GC Heap History (10 events):
Event: 19.845 GC heap before
{Heap before GC invocations=24 (full 3):
 PSYoungGen      total 636416K, used 632734K [0x000000076ab00000, 0x00000007aa980000, 0x00000007c0000000)
  eden space 369152K, 99% used [0x000000076ab00000,0x0000000780feea18,0x0000000781380000)
  from space 267264K, 99% used [0x0000000794800000,0x00000007a4cf8f80,0x00000007a4d00000)
  to   space 315904K, 0% used [0x0000000781380000,0x0000000781380000,0x0000000794800000)
 ParOldGen       total 717824K, used 500451K [0x00000006c0000000, 0x00000006ebd00000, 0x000000076ab00000)
  object space 717824K, 69% used [0x00000006c0000000,0x00000006de8b8d00,0x00000006ebd00000)
 Metaspace       used 24362K, capacity 25884K, committed 26112K, reserved 1071104K
  class space    used 3443K, capacity 3722K, committed 3840K, reserved 1048576K
Event: 19.911 GC heap after
Heap after GC invocations=24 (full 3):
 PSYoungGen      total 685056K, used 315612K [0x000000076ab00000, 0x00000007af980000, 0x00000007c0000000)
  eden space 369152K, 0% used [0x000000076ab00000,0x000000076ab00000,0x0000000781380000)
  from space 315904K, 99% used [0x0000000781380000,0x00000007947b7370,0x0000000794800000)
  to   space 363520K, 0% used [0x0000000799680000,0x0000000799680000,0x00000007af980000)
 ParOldGen       total 717824K, used 558565K [0x00000006c0000000, 0x00000006ebd00000, 0x000000076ab00000)
  object space 717824K, 77% used [0x00000006c0000000,0x00000006e21797c8,0x00000006ebd00000)
 Metaspace       used 24362K, capacity 25884K, committed 26112K, reserved 1071104K
  class space    used 3443K, capacity 3722K, committed 3840K, reserved 1048576K
}
Event: 21.293 GC heap before
{Heap before GC invocations=25 (full 3):
 PSYoungGen      total 685056K, used 682370K [0x000000076ab00000, 0x00000007af980000, 0x00000007c0000000)
  eden space 369152K, 99% used [0x000000076ab00000,0x00000007811296a8,0x0000000781380000)
  from space 315904K, 99% used [0x0000000781380000,0x00000007947b7370,0x0000000794800000)
  to   space 363520K, 0% used [0x0000000799680000,0x0000000799680000,0x00000007af980000)
 ParOldGen       total 717824K, used 558565K [0x00000006c0000000, 0x00000006ebd00000, 0x000000076ab00000)
  object space 717824K, 77% used [0x00000006c0000000,0x00000006e21797c8,0x00000006ebd00000)
 Metaspace       used 24362K, capacity 25884K, committed 26112K, reserved 1071104K
  class space    used 3443K, capacity 3722K, committed 3840K, reserved 1048576K
Event: 21.416 GC heap after
Heap after GC invocations=25 (full 3):
 PSYoungGen      total 710656K, used 361833K [0x000000076ab00000, 0x00000007b6580000, 0x00000007c0000000)
  eden space 347136K, 0% used [0x000000076ab00000,0x000000076ab00000,0x000000077fe00000)
  from space 363520K, 99% used [0x0000000799680000,0x00000007af7da488,0x00000007af980000)
  to   space 418304K, 0% used [0x000000077fe00000,0x000000077fe00000,0x0000000799680000)
 ParOldGen       total 717824K, used 629788K [0x00000006c0000000, 0x00000006ebd00000, 0x000000076ab00000)
  object space 717824K, 87% used [0x00000006c0000000,0x00000006e67070f0,0x00000006ebd00000)
 Metaspace       used 24362K, capacity 25884K, committed 26112K, reserved 1071104K
  class space    used 3443K, capacity 3722K, committed 3840K, reserved 1048576K
}
Event: 21.416 GC heap before
{Heap before GC invocations=26 (full 4):
 PSYoungGen      total 710656K, used 361833K [0x000000076ab00000, 0x00000007b6580000, 0x00000007c0000000)
  eden space 347136K, 0% used [0x000000076ab00000,0x000000076ab00000,0x000000077fe00000)
  from space 363520K, 99% used [0x0000000799680000,0x00000007af7da488,0x00000007af980000)
  to   space 418304K, 0% used [0x000000077fe00000,0x000000077fe00000,0x0000000799680000)
 ParOldGen       total 717824K, used 629788K [0x00000006c0000000, 0x00000006ebd00000, 0x000000076ab00000)
  object space 717824K, 87% used [0x00000006c0000000,0x00000006e67070f0,0x00000006ebd00000)
 Metaspace       used 24362K, capacity 25884K, committed 26112K, reserved 1071104K
  class space    used 3443K, capacity 3722K, committed 3840K, reserved 1048576K
Event: 22.450 GC heap after
Heap after GC invocations=26 (full 4):
 PSYoungGen      total 710656K, used 225136K [0x000000076ab00000, 0x00000007b6580000, 0x00000007c0000000)
  eden space 347136K, 0% used [0x000000076ab00000,0x000000076ab00000,0x000000077fe00000)
  from space 363520K, 61% used [0x0000000799680000,0x00000007a725c310,0x00000007af980000)
  to   space 418304K, 0% used [0x000000077fe00000,0x000000077fe00000,0x0000000799680000)
 ParOldGen       total 1145344K, used 717157K [0x00000006c0000000, 0x0000000705e80000, 0x000000076ab00000)
  object space 1145344K, 62% used [0x00000006c0000000,0x00000006ebc597e0,0x0000000705e80000)
 Metaspace       used 24362K, capacity 25884K, committed 26112K, reserved 1071104K
  class space    used 3443K, capacity 3722K, committed 3840K, reserved 1048576K
}
Event: 23.748 GC heap before
{Heap before GC invocations=27 (full 4):
 PSYoungGen      total 710656K, used 570710K [0x000000076ab00000, 0x00000007b6580000, 0x00000007c0000000)
  eden space 347136K, 99% used [0x000000076ab00000,0x000000077fc79648,0x000000077fe00000)
  from space 363520K, 61% used [0x0000000799680000,0x00000007a725c310,0x00000007af980000)
  to   space 418304K, 0% used [0x000000077fe00000,0x000000077fe00000,0x0000000799680000)
 ParOldGen       total 1145344K, used 717157K [0x00000006c0000000, 0x0000000705e80000, 0x000000076ab00000)
  object space 1145344K, 62% used [0x00000006c0000000,0x00000006ebc597e0,0x0000000705e80000)
 Metaspace       used 24362K, capacity 25884K, committed 26112K, reserved 1071104K
  class space    used 3443K, capacity 3722K, committed 3840K, reserved 1048576K
Event: 23.838 GC heap after
Heap after GC invocations=27 (full 4):
 PSYoungGen      total 765440K, used 356349K [0x000000076ab00000, 0x00000007ba280000, 0x00000007c0000000)
  eden space 347136K, 0% used [0x000000076ab00000,0x000000076ab00000,0x000000077fe00000)
  from space 418304K, 85% used [0x000000077fe00000,0x00000007959ff408,0x0000000799680000)
  to   space 460800K, 0% used [0x000000079e080000,0x000000079e080000,0x00000007ba280000)
 ParOldGen       total 1145344K, used 717157K [0x00000006c0000000, 0x0000000705e80000, 0x000000076ab00000)
  object space 1145344K, 62% used [0x00000006c0000000,0x00000006ebc597e0,0x0000000705e80000)
 Metaspace       used 24362K, capacity 25884K, committed 26112K, reserved 1071104K
  class space    used 3443K, capacity 3722K, committed 3840K, reserved 1048576K
}
Event: 25.208 GC heap before
{Heap before GC invocations=28 (full 4):
 PSYoungGen      total 765440K, used 703366K [0x000000076ab00000, 0x00000007ba280000, 0x00000007c0000000)
  eden space 347136K, 99% used [0x000000076ab00000,0x000000077fde2748,0x000000077fe00000)
  from space 418304K, 85% used [0x000000077fe00000,0x00000007959ff408,0x0000000799680000)
  to   space 460800K, 0% used [0x000000079e080000,0x000000079e080000,0x00000007ba280000)
 ParOldGen       total 1145344K, used 717157K [0x00000006c0000000, 0x0000000705e80000, 0x000000076ab00000)
  object space 1145344K, 62% used [0x00000006c0000000,0x00000006ebc597e0,0x0000000705e80000)
 Metaspace       used 24362K, capacity 25884K, committed 26112K, reserved 1071104K
  class space    used 3443K, capacity 3722K, committed 3840K, reserved 1048576K
Event: 25.320 GC heap after
Heap after GC invocations=28 (full 4):
 PSYoungGen      total 836096K, used 458902K [0x000000076ab00000, 0x00000007bad80000, 0x00000007c0000000)
  eden space 375296K, 0% used [0x000000076ab00000,0x000000076ab00000,0x0000000781980000)
  from space 460800K, 99% used [0x000000079e080000,0x00000007ba0a5b30,0x00000007ba280000)
  to   space 465920K, 0% used [0x0000000781980000,0x0000000781980000,0x000000079e080000)
 ParOldGen       total 1145344K, used 736894K [0x00000006c0000000, 0x0000000705e80000, 0x000000076ab00000)
  object space 1145344K, 64% used [0x00000006c0000000,0x00000006ecf9f928,0x0000000705e80000)
 Metaspace       used 24362K, capacity 25884K, committed 26112K, reserved 1071104K
  class space    used 3443K, capacity 3722K, committed 3840K, reserved 1048576K
}

