# JRE version: Java(TM) SE Runtime Environment (8.0_25-b17) (build 1.8.0_25-b17)
# Java VM: Java HotSpot(TM) 64-Bit Server VM (25.25-b02 mixed mode bsd-amd64 compressed oops)
Heap:
 PSYoungGen      total 901632K, used 645794K [0x000000076ab00000, 0x00000007c0000000, 0x00000007c0000000)
  eden space 465920K, 45% used [0x000000076ab00000,0x000000077788ea50,0x0000000787200000)
  from space 435712K, 99% used [0x00000007a4c00000,0x00000007bf519f58,0x00000007bf580000)
  to   space 465920K, 0% used [0x0000000787200000,0x0000000787200000,0x00000007a3900000)
 ParOldGen       total 1548800K, used 1307585K [0x00000006c0000000, 0x000000071e880000, 0x000000076ab00000)
  object space 1548800K, 84% used [0x00000006c0000000,0x000000070fcf06a0,0x000000071e880000)
 Metaspace       used 24630K, capacity 26148K, committed 26368K, reserved 1071104K
  class space    used 3443K, capacity 3722K, committed 3840K, reserved 1048576K
GC Heap History (10 events):
Event: 24.443 GC heap before
{Heap before GC invocations=29 (full 5):
 PSYoungGen      total 778240K, used 657798K [0x000000076ab00000, 0x00000007b0600000, 0x00000007c0000000)
  eden space 479744K, 100% used [0x000000076ab00000,0x0000000787f80000,0x0000000787f80000)
  from space 298496K, 59% used [0x0000000787f80000,0x0000000792d61958,0x000000079a300000)
  to   space 301056K, 0% used [0x000000079e000000,0x000000079e000000,0x00000007b0600000)
 ParOldGen       total 1548800K, used 1069765K [0x00000006c0000000, 0x000000071e880000, 0x000000076ab00000)
  object space 1548800K, 69% used [0x00000006c0000000,0x00000007014b17d8,0x000000071e880000)
 Metaspace       used 24624K, capacity 26148K, committed 26368K, reserved 1071104K
  class space    used 3443K, capacity 3722K, committed 3840K, reserved 1048576K
Event: 24.479 GC heap after
Heap after GC invocations=29 (full 5):
 PSYoungGen      total 819200K, used 174005K [0x000000076ab00000, 0x00000007afb00000, 0x00000007c0000000)
  eden space 529408K, 0% used [0x000000076ab00000,0x000000076ab00000,0x000000078b000000)
  from space 289792K, 60% used [0x000000079e000000,0x00000007a89ed6e0,0x00000007afb00000)
  to   space 300544K, 0% used [0x000000078b000000,0x000000078b000000,0x000000079d580000)
 ParOldGen       total 1548800K, used 1069773K [0x00000006c0000000, 0x000000071e880000, 0x000000076ab00000)
  object space 1548800K, 69% used [0x00000006c0000000,0x00000007014b37d8,0x000000071e880000)
 Metaspace       used 24624K, capacity 26148K, committed 26368K, reserved 1071104K
  class space    used 3443K, capacity 3722K, committed 3840K, reserved 1048576K
}
Event: 26.821 GC heap before
{Heap before GC invocations=30 (full 5):
 PSYoungGen      total 819200K, used 703239K [0x000000076ab00000, 0x00000007afb00000, 0x00000007c0000000)
  eden space 529408K, 99% used [0x000000076ab00000,0x000000078afd4628,0x000000078b000000)
  from space 289792K, 60% used [0x000000079e000000,0x00000007a89ed6e0,0x00000007afb00000)
  to   space 300544K, 0% used [0x000000078b000000,0x000000078b000000,0x000000079d580000)
 ParOldGen       total 1548800K, used 1069773K [0x00000006c0000000, 0x000000071e880000, 0x000000076ab00000)
  object space 1548800K, 69% used [0x00000006c0000000,0x00000007014b37d8,0x000000071e880000)
 Metaspace       used 24627K, capacity 26148K, committed 26368K, reserved 1071104K
  class space    used 3443K, capacity 3722K, committed 3840K, reserved 1048576K
Event: 26.852 GC heap after
Heap after GC invocations=30 (full 5):
 PSYoungGen      total 829952K, used 228385K [0x000000076ab00000, 0x00000007b4080000, 0x00000007c0000000)
  eden space 529408K, 0% used [0x000000076ab00000,0x000000076ab00000,0x000000078b000000)
  from space 300544K, 75% used [0x000000078b000000,0x0000000798f08408,0x000000079d580000)
  to   space 318976K, 0% used [0x00000007a0900000,0x00000007a0900000,0x00000007b4080000)
 ParOldGen       total 1548800K, used 1069773K [0x00000006c0000000, 0x000000071e880000, 0x000000076ab00000)
  object space 1548800K, 69% used [0x00000006c0000000,0x00000007014b37d8,0x000000071e880000)
 Metaspace       used 24627K, capacity 26148K, committed 26368K, reserved 1071104K
  class space    used 3443K, capacity 3722K, committed 3840K, reserved 1048576K
}
Event: 28.988 GC heap before
{Heap before GC invocations=31 (full 5):
 PSYoungGen      total 829952K, used 754834K [0x000000076ab00000, 0x00000007b4080000, 0x00000007c0000000)
  eden space 529408K, 99% used [0x000000076ab00000,0x000000078ad1c6e0,0x000000078b000000)
  from space 300544K, 75% used [0x000000078b000000,0x0000000798f08408,0x000000079d580000)
  to   space 318976K, 0% used [0x00000007a0900000,0x00000007a0900000,0x00000007b4080000)
 ParOldGen       total 1548800K, used 1069773K [0x00000006c0000000, 0x000000071e880000, 0x000000076ab00000)
  object space 1548800K, 69% used [0x00000006c0000000,0x00000007014b37d8,0x000000071e880000)
 Metaspace       used 24627K, capacity 26148K, committed 26368K, reserved 1071104K
  class space    used 3443K, capacity 3722K, committed 3840K, reserved 1048576K
Event: 29.104 GC heap after
Heap after GC invocations=31 (full 5):
 PSYoungGen      total 807936K, used 318969K [0x000000076ab00000, 0x00000007bd000000, 0x00000007c0000000)
  eden space 488960K, 0% used [0x000000076ab00000,0x000000076ab00000,0x0000000788880000)
  from space 318976K, 99% used [0x00000007a0900000,0x00000007b407e670,0x00000007b4080000)
  to   space 393728K, 0% used [0x0000000788880000,0x0000000788880000,0x00000007a0900000)
 ParOldGen       total 1548800K, used 1144601K [0x00000006c0000000, 0x000000071e880000, 0x000000076ab00000)
  object space 1548800K, 73% used [0x00000006c0000000,0x0000000705dc66a0,0x000000071e880000)
 Metaspace       used 24627K, capacity 26148K, committed 26368K, reserved 1071104K
  class space    used 3443K, capacity 3722K, committed 3840K, reserved 1048576K
}
Event: 30.957 GC heap before
{Heap before GC invocations=32 (full 5):
 PSYoungGen      total 807936K, used 805194K [0x000000076ab00000, 0x00000007bd000000, 0x00000007c0000000)
  eden space 488960K, 99% used [0x000000076ab00000,0x00000007885d4378,0x0000000788880000)
  from space 318976K, 99% used [0x00000007a0900000,0x00000007b407e670,0x00000007b4080000)
  to   space 393728K, 0% used [0x0000000788880000,0x0000000788880000,0x00000007a0900000)
 ParOldGen       total 1548800K, used 1144601K [0x00000006c0000000, 0x000000071e880000, 0x000000076ab00000)
  object space 1548800K, 73% used [0x00000006c0000000,0x0000000705dc66a0,0x000000071e880000)
 Metaspace       used 24627K, capacity 26148K, committed 26368K, reserved 1071104K
  class space    used 3443K, capacity 3722K, committed 3840K, reserved 1048576K
Event: 31.039 GC heap after
Heap after GC invocations=32 (full 5):
 PSYoungGen      total 882688K, used 342040K [0x000000076ab00000, 0x00000007bf580000, 0x00000007c0000000)
  eden space 488960K, 0% used [0x000000076ab00000,0x000000076ab00000,0x0000000788880000)
  from space 393728K, 86% used [0x0000000788880000,0x000000079d686230,0x00000007a0900000)
  to   space 435712K, 0% used [0x00000007a4c00000,0x00000007a4c00000,0x00000007bf580000)
 ParOldGen       total 1548800K, used 1272283K [0x00000006c0000000, 0x000000071e880000, 0x000000076ab00000)
  object space 1548800K, 82% used [0x00000006c0000000,0x000000070da76cf0,0x000000071e880000)
 Metaspace       used 24627K, capacity 26148K, committed 26368K, reserved 1071104K
  class space    used 3443K, capacity 3722K, committed 3840K, reserved 1048576K
}
Event: 32.890 GC heap before
{Heap before GC invocations=33 (full 5):
 PSYoungGen      total 882688K, used 830310K [0x000000076ab00000, 0x00000007bf580000, 0x00000007c0000000)
  eden space 488960K, 99% used [0x000000076ab00000,0x00000007887d3970,0x0000000788880000)
  from space 393728K, 86% used [0x0000000788880000,0x000000079d686230,0x00000007a0900000)
  to   space 435712K, 0% used [0x00000007a4c00000,0x00000007a4c00000,0x00000007bf580000)
 ParOldGen       total 1548800K, used 1272283K [0x00000006c0000000, 0x000000071e880000, 0x000000076ab00000)
  object space 1548800K, 82% used [0x00000006c0000000,0x000000070da76cf0,0x000000071e880000)
 Metaspace       used 24629K, capacity 26148K, committed 26368K, reserved 1071104K
  class space    used 3443K, capacity 3722K, committed 3840K, reserved 1048576K
Event: 33.004 GC heap after
Heap after GC invocations=33 (full 5):
 PSYoungGen      total 901632K, used 435303K [0x000000076ab00000, 0x00000007c0000000, 0x00000007c0000000)
  eden space 465920K, 0% used [0x000000076ab00000,0x000000076ab00000,0x0000000787200000)
  from space 435712K, 99% used [0x00000007a4c00000,0x00000007bf519f58,0x00000007bf580000)
  to   space 465920K, 0% used [0x0000000787200000,0x0000000787200000,0x00000007a3900000)
 ParOldGen       total 1548800K, used 1307585K [0x00000006c0000000, 0x000000071e880000, 0x000000076ab00000)
  object space 1548800K, 84% used [0x00000006c0000000,0x000000070fcf06a0,0x000000071e880000)
 Metaspace       used 24629K, capacity 26148K, committed 26368K, reserved 1071104K
  class space    used 3443K, capacity 3722K, committed 3840K, reserved 1048576K
}

