# JRE version: Java(TM) SE Runtime Environment (8.0_25-b17) (build 1.8.0_25-b17)
# Java VM: Java HotSpot(TM) 64-Bit Server VM (25.25-b02 mixed mode bsd-amd64 compressed oops)
Heap:
 PSYoungGen      total 579072K, used 255016K [0x000000076ab00000, 0x00000007a1a80000, 0x00000007c0000000)
  eden space 332800K, 22% used [0x000000076ab00000,0x000000076f2ee9a0,0x000000077f000000)
  from space 246272K, 73% used [0x000000077f000000,0x000000078a11b670,0x000000078e080000)
  to   space 260608K, 0% used [0x0000000791c00000,0x0000000791c00000,0x00000007a1a80000)
 ParOldGen       total 714752K, used 474589K [0x00000006c0000000, 0x00000006eba00000, 0x000000076ab00000)
  object space 714752K, 66% used [0x00000006c0000000,0x00000006dcf77750,0x00000006eba00000)
 Metaspace       used 24000K, capacity 25518K, committed 25728K, reserved 1071104K
  class space    used 3401K, capacity 3675K, committed 3712K, reserved 1048576K
GC Heap History (10 events):
Event: 7.962 GC heap before
{Heap before GC invocations=16 (full 3):
 PSYoungGen      total 432640K, used 241828K [0x000000076ab00000, 0x0000000793f80000, 0x00000007c0000000)
  eden space 222720K, 99% used [0x000000076ab00000,0x00000007783f2e98,0x0000000778480000)
  from space 209920K, 9% used [0x0000000787280000,0x00000007885b6520,0x0000000793f80000)
  to   space 226816K, 0% used [0x0000000778480000,0x0000000778480000,0x0000000786200000)
 ParOldGen       total 714752K, used 464749K [0x00000006c0000000, 0x00000006eba00000, 0x000000076ab00000)
  object space 714752K, 65% used [0x00000006c0000000,0x00000006dc5db750,0x00000006eba00000)
 Metaspace       used 23183K, capacity 24492K, committed 24576K, reserved 1071104K
  class space    used 3303K, capacity 3542K, committed 3584K, reserved 1048576K
Event: 8.027 GC heap after
Heap after GC invocations=16 (full 3):
 PSYoungGen      total 449536K, used 71266K [0x000000076ab00000, 0x0000000796680000, 0x00000007c0000000)
  eden space 222720K, 0% used [0x000000076ab00000,0x000000076ab00000,0x0000000778480000)
  from space 226816K, 31% used [0x0000000778480000,0x000000077ca18828,0x0000000786200000)
  to   space 216064K, 0% used [0x0000000789380000,0x0000000789380000,0x0000000796680000)
 ParOldGen       total 714752K, used 474557K [0x00000006c0000000, 0x00000006eba00000, 0x000000076ab00000)
  object space 714752K, 66% used [0x00000006c0000000,0x00000006dcf6f750,0x00000006eba00000)
 Metaspace       used 23183K, capacity 24492K, committed 24576K, reserved 1071104K
  class space    used 3303K, capacity 3542K, committed 3584K, reserved 1048576K
}
Event: 8.905 GC heap before
{Heap before GC invocations=17 (full 3):
 PSYoungGen      total 449536K, used 293986K [0x000000076ab00000, 0x0000000796680000, 0x00000007c0000000)
  eden space 222720K, 100% used [0x000000076ab00000,0x0000000778480000,0x0000000778480000)
  from space 226816K, 31% used [0x0000000778480000,0x000000077ca18828,0x0000000786200000)
  to   space 216064K, 0% used [0x0000000789380000,0x0000000789380000,0x0000000796680000)
 ParOldGen       total 714752K, used 474557K [0x00000006c0000000, 0x00000006eba00000, 0x000000076ab00000)
  object space 714752K, 66% used [0x00000006c0000000,0x00000006dcf6f750,0x00000006eba00000)
 Metaspace       used 23784K, capacity 25240K, committed 25472K, reserved 1071104K
  class space    used 3356K, capacity 3598K, committed 3712K, reserved 1048576K
Event: 8.958 GC heap after
Heap after GC invocations=17 (full 3):
 PSYoungGen      total 479744K, used 112100K [0x000000076ab00000, 0x0000000795900000, 0x00000007c0000000)
  eden space 277504K, 0% used [0x000000076ab00000,0x000000076ab00000,0x000000077ba00000)
  from space 202240K, 55% used [0x0000000789380000,0x00000007900f9328,0x0000000795900000)
  to   space 212480K, 0% used [0x000000077ba00000,0x000000077ba00000,0x0000000788980000)
 ParOldGen       total 714752K, used 474565K [0x00000006c0000000, 0x00000006eba00000, 0x000000076ab00000)
  object space 714752K, 66% used [0x00000006c0000000,0x00000006dcf71750,0x00000006eba00000)
 Metaspace       used 23784K, capacity 25240K, committed 25472K, reserved 1071104K
  class space    used 3356K, capacity 3598K, committed 3712K, reserved 1048576K
}
Event: 9.073 GC heap before
{Heap before GC invocations=18 (full 3):
 PSYoungGen      total 479744K, used 389280K [0x000000076ab00000, 0x0000000795900000, 0x00000007c0000000)
  eden space 277504K, 99% used [0x000000076ab00000,0x000000077b9aeff8,0x000000077ba00000)
  from space 202240K, 55% used [0x0000000789380000,0x00000007900f9328,0x0000000795900000)
  to   space 212480K, 0% used [0x000000077ba00000,0x000000077ba00000,0x0000000788980000)
 ParOldGen       total 714752K, used 474565K [0x00000006c0000000, 0x00000006eba00000, 0x000000076ab00000)
  object space 714752K, 66% used [0x00000006c0000000,0x00000006dcf71750,0x00000006eba00000)
 Metaspace       used 23784K, capacity 25240K, committed 25472K, reserved 1071104K
  class space    used 3356K, capacity 3598K, committed 3712K, reserved 1048576K
Event: 9.126 GC heap after
Heap after GC invocations=18 (full 3):
 PSYoungGen      total 489984K, used 160500K [0x000000076ab00000, 0x000000079be00000, 0x00000007c0000000)
  eden space 277504K, 0% used [0x000000076ab00000,0x000000076ab00000,0x000000077ba00000)
  from space 212480K, 75% used [0x000000077ba00000,0x00000007856bd248,0x0000000788980000)
  to   space 226816K, 0% used [0x000000078e080000,0x000000078e080000,0x000000079be00000)
 ParOldGen       total 714752K, used 474573K [0x00000006c0000000, 0x00000006eba00000, 0x000000076ab00000)
  object space 714752K, 66% used [0x00000006c0000000,0x00000006dcf73750,0x00000006eba00000)
 Metaspace       used 23784K, capacity 25240K, committed 25472K, reserved 1071104K
  class space    used 3356K, capacity 3598K, committed 3712K, reserved 1048576K
}
Event: 10.335 GC heap before
{Heap before GC invocations=19 (full 3):
 PSYoungGen      total 489984K, used 437959K [0x000000076ab00000, 0x000000079be00000, 0x00000007c0000000)
  eden space 277504K, 99% used [0x000000076ab00000,0x000000077b9f4b40,0x000000077ba00000)
  from space 212480K, 75% used [0x000000077ba00000,0x00000007856bd248,0x0000000788980000)
  to   space 226816K, 0% used [0x000000078e080000,0x000000078e080000,0x000000079be00000)
 ParOldGen       total 714752K, used 474573K [0x00000006c0000000, 0x00000006eba00000, 0x000000076ab00000)
  object space 714752K, 66% used [0x00000006c0000000,0x00000006dcf73750,0x00000006eba00000)
 Metaspace       used 23996K, capacity 25514K, committed 25728K, reserved 1071104K
  class space    used 3401K, capacity 3675K, committed 3712K, reserved 1048576K
Event: 10.420 GC heap after
Heap after GC invocations=19 (full 3):
 PSYoungGen      total 559616K, used 184913K [0x000000076ab00000, 0x000000079dc80000, 0x00000007c0000000)
  eden space 332800K, 0% used [0x000000076ab00000,0x000000076ab00000,0x000000077f000000)
  from space 226816K, 81% used [0x000000078e080000,0x00000007995145f8,0x000000079be00000)
  to   space 246272K, 0% used [0x000000077f000000,0x000000077f000000,0x000000078e080000)
 ParOldGen       total 714752K, used 474581K [0x00000006c0000000, 0x00000006eba00000, 0x000000076ab00000)
  object space 714752K, 66% used [0x00000006c0000000,0x00000006dcf75750,0x00000006eba00000)
 Metaspace       used 23996K, capacity 25514K, committed 25728K, reserved 1071104K
  class space    used 3401K, capacity 3675K, committed 3712K, reserved 1048576K
}
Event: 11.877 GC heap before
{Heap before GC invocations=20 (full 3):
 PSYoungGen      total 559616K, used 513335K [0x000000076ab00000, 0x000000079dc80000, 0x00000007c0000000)
  eden space 332800K, 98% used [0x000000076ab00000,0x000000077ebb9870,0x000000077f000000)
  from space 226816K, 81% used [0x000000078e080000,0x00000007995145f8,0x000000079be00000)
  to   space 246272K, 0% used [0x000000077f000000,0x000000077f000000,0x000000078e080000)
 ParOldGen       total 714752K, used 474581K [0x00000006c0000000, 0x00000006eba00000, 0x000000076ab00000)
  object space 714752K, 66% used [0x00000006c0000000,0x00000006dcf75750,0x00000006eba00000)
 Metaspace       used 23998K, capacity 25518K, committed 25728K, reserved 1071104K
  class space    used 3401K, capacity 3675K, committed 3712K, reserved 1048576K
Event: 11.932 GC heap after
Heap after GC invocations=20 (full 3):
 PSYoungGen      total 579072K, used 181357K [0x000000076ab00000, 0x00000007a1a80000, 0x00000007c0000000)
  eden space 332800K, 0% used [0x000000076ab00000,0x000000076ab00000,0x000000077f000000)
  from space 246272K, 73% used [0x000000077f000000,0x000000078a11b670,0x000000078e080000)
  to   space 260608K, 0% used [0x0000000791c00000,0x0000000791c00000,0x00000007a1a80000)
 ParOldGen       total 714752K, used 474589K [0x00000006c0000000, 0x00000006eba00000, 0x000000076ab00000)
  object space 714752K, 66% used [0x00000006c0000000,0x00000006dcf77750,0x00000006eba00000)
 Metaspace       used 23998K, capacity 25518K, committed 25728K, reserved 1071104K
  class space    used 3401K, capacity 3675K, committed 3712K, reserved 1048576K
}

