# JRE version: Java(TM) SE Runtime Environment (8.0_25-b17) (build 1.8.0_25-b17)
# Java VM: Java HotSpot(TM) 64-Bit Server VM (25.25-b02 mixed mode bsd-amd64 compressed oops)
Heap:
 PSYoungGen      total 450048K, used 222908K [0x000000076ab00000, 0x0000000795c00000, 0x00000007c0000000)
  eden space 231936K, 64% used [0x000000076ab00000,0x0000000773c66070,0x0000000778d80000)
  from space 218112K, 33% used [0x0000000778d80000,0x000000077d5c9248,0x0000000786280000)
  to   space 207360K, 0% used [0x0000000789180000,0x0000000789180000,0x0000000795c00000)
 ParOldGen       total 733696K, used 474222K [0x00000006c0000000, 0x00000006ecc80000, 0x000000076ab00000)
  object space 733696K, 64% used [0x00000006c0000000,0x00000006dcf1b960,0x00000006ecc80000)
 Metaspace       used 26811K, capacity 28676K, committed 28800K, reserved 1073152K
  class space    used 3802K, capacity 4120K, committed 4224K, reserved 1048576K
GC Heap History (10 events):
Event: 4.699 GC heap before
{Heap before GC invocations=12 (full 2):
 PSYoungGen      total 309248K, used 309225K [0x000000076ab00000, 0x0000000791080000, 0x00000007c0000000)
  eden space 136704K, 100% used [0x000000076ab00000,0x0000000773080000,0x0000000773080000)
  from space 172544K, 99% used [0x0000000773080000,0x000000077d8fa560,0x000000077d900000)
  to   space 219648K, 0% used [0x0000000783a00000,0x0000000783a00000,0x0000000791080000)
 ParOldGen       total 411648K, used 291525K [0x00000006c0000000, 0x00000006d9200000, 0x000000076ab00000)
  object space 411648K, 70% used [0x00000006c0000000,0x00000006d1cb1560,0x00000006d9200000)
 Metaspace       used 21665K, capacity 22646K, committed 22912K, reserved 1069056K
  class space    used 3139K, capacity 3335K, committed 3456K, reserved 1048576K
Event: 4.785 GC heap after
Heap after GC invocations=12 (full 2):
 PSYoungGen      total 398336K, used 151968K [0x000000076ab00000, 0x0000000792880000, 0x00000007c0000000)
  eden space 178688K, 0% used [0x000000076ab00000,0x000000076ab00000,0x0000000775980000)
  from space 219648K, 69% used [0x0000000783a00000,0x000000078ce68108,0x0000000791080000)
  to   space 229888K, 0% used [0x0000000775980000,0x0000000775980000,0x0000000783a00000)
 ParOldGen       total 411648K, used 320205K [0x00000006c0000000, 0x00000006d9200000, 0x000000076ab00000)
  object space 411648K, 77% used [0x00000006c0000000,0x00000006d38b3560,0x00000006d9200000)
 Metaspace       used 21665K, capacity 22646K, committed 22912K, reserved 1069056K
  class space    used 3139K, capacity 3335K, committed 3456K, reserved 1048576K
}
Event: 4.894 GC heap before
{Heap before GC invocations=13 (full 2):
 PSYoungGen      total 398336K, used 330656K [0x000000076ab00000, 0x0000000792880000, 0x00000007c0000000)
  eden space 178688K, 100% used [0x000000076ab00000,0x0000000775980000,0x0000000775980000)
  from space 219648K, 69% used [0x0000000783a00000,0x000000078ce68108,0x0000000791080000)
  to   space 229888K, 0% used [0x0000000775980000,0x0000000775980000,0x0000000783a00000)
 ParOldGen       total 411648K, used 320205K [0x00000006c0000000, 0x00000006d9200000, 0x000000076ab00000)
  object space 411648K, 77% used [0x00000006c0000000,0x00000006d38b3560,0x00000006d9200000)
 Metaspace       used 21666K, capacity 22646K, committed 22912K, reserved 1069056K
  class space    used 3139K, capacity 3335K, committed 3456K, reserved 1048576K
Event: 4.966 GC heap after
Heap after GC invocations=13 (full 2):
 PSYoungGen      total 408576K, used 85444K [0x000000076ab00000, 0x0000000794c80000, 0x00000007c0000000)
  eden space 178688K, 0% used [0x000000076ab00000,0x000000076ab00000,0x0000000775980000)
  from space 229888K, 37% used [0x0000000775980000,0x000000077acf1378,0x0000000783a00000)
  to   space 218112K, 0% used [0x0000000787780000,0x0000000787780000,0x0000000794c80000)
 ParOldGen       total 411648K, used 397269K [0x00000006c0000000, 0x00000006d9200000, 0x000000076ab00000)
  object space 411648K, 96% used [0x00000006c0000000,0x00000006d83f5560,0x00000006d9200000)
 Metaspace       used 21666K, capacity 22646K, committed 22912K, reserved 1069056K
  class space    used 3139K, capacity 3335K, committed 3456K, reserved 1048576K
}
Event: 4.966 GC heap before
{Heap before GC invocations=14 (full 3):
 PSYoungGen      total 408576K, used 85444K [0x000000076ab00000, 0x0000000794c80000, 0x00000007c0000000)
  eden space 178688K, 0% used [0x000000076ab00000,0x000000076ab00000,0x0000000775980000)
  from space 229888K, 37% used [0x0000000775980000,0x000000077acf1378,0x0000000783a00000)
  to   space 218112K, 0% used [0x0000000787780000,0x0000000787780000,0x0000000794c80000)
 ParOldGen       total 411648K, used 397269K [0x00000006c0000000, 0x00000006d9200000, 0x000000076ab00000)
  object space 411648K, 96% used [0x00000006c0000000,0x00000006d83f5560,0x00000006d9200000)
 Metaspace       used 21666K, capacity 22646K, committed 22912K, reserved 1069056K
  class space    used 3139K, capacity 3335K, committed 3456K, reserved 1048576K
Event: 6.515 GC heap after
Heap after GC invocations=14 (full 3):
 PSYoungGen      total 408576K, used 62592K [0x000000076ab00000, 0x0000000794c80000, 0x00000007c0000000)
  eden space 178688K, 0% used [0x000000076ab00000,0x000000076ab00000,0x0000000775980000)
  from space 229888K, 27% used [0x0000000775980000,0x00000007796a0388,0x0000000783a00000)
  to   space 218112K, 0% used [0x0000000787780000,0x0000000787780000,0x0000000794c80000)
 ParOldGen       total 733696K, used 411277K [0x00000006c0000000, 0x00000006ecc80000, 0x000000076ab00000)
  object space 733696K, 56% used [0x00000006c0000000,0x00000006d91a37e0,0x00000006ecc80000)
 Metaspace       used 21666K, capacity 22646K, committed 22912K, reserved 1069056K
  class space    used 3139K, capacity 3335K, committed 3456K, reserved 1048576K
}
Event: 6.618 GC heap before
{Heap before GC invocations=15 (full 3):
 PSYoungGen      total 408576K, used 241280K [0x000000076ab00000, 0x0000000794c80000, 0x00000007c0000000)
  eden space 178688K, 100% used [0x000000076ab00000,0x0000000775980000,0x0000000775980000)
  from space 229888K, 27% used [0x0000000775980000,0x00000007796a0388,0x0000000783a00000)
  to   space 218112K, 0% used [0x0000000787780000,0x0000000787780000,0x0000000794c80000)
 ParOldGen       total 733696K, used 411277K [0x00000006c0000000, 0x00000006ecc80000, 0x000000076ab00000)
  object space 733696K, 56% used [0x00000006c0000000,0x00000006d91a37e0,0x00000006ecc80000)
 Metaspace       used 21666K, capacity 22646K, committed 22912K, reserved 1069056K
  class space    used 3139K, capacity 3335K, committed 3456K, reserved 1048576K
Event: 6.678 GC heap after
Heap after GC invocations=15 (full 3):
 PSYoungGen      total 428544K, used 20697K [0x000000076ab00000, 0x0000000793780000, 0x00000007c0000000)
  eden space 231936K, 0% used [0x000000076ab00000,0x000000076ab00000,0x0000000778d80000)
  from space 196608K, 10% used [0x0000000787780000,0x0000000788bb6520,0x0000000793780000)
  to   space 218112K, 0% used [0x0000000778d80000,0x0000000778d80000,0x0000000786280000)
 ParOldGen       total 733696K, used 463910K [0x00000006c0000000, 0x00000006ecc80000, 0x000000076ab00000)
  object space 733696K, 63% used [0x00000006c0000000,0x00000006dc509960,0x00000006ecc80000)
 Metaspace       used 21666K, capacity 22646K, committed 22912K, reserved 1069056K
  class space    used 3139K, capacity 3335K, committed 3456K, reserved 1048576K
}
Event: 27.638 GC heap before
{Heap before GC invocations=16 (full 3):
 PSYoungGen      total 428544K, used 252633K [0x000000076ab00000, 0x0000000793780000, 0x00000007c0000000)
  eden space 231936K, 100% used [0x000000076ab00000,0x0000000778d80000,0x0000000778d80000)
  from space 196608K, 10% used [0x0000000787780000,0x0000000788bb6520,0x0000000793780000)
  to   space 218112K, 0% used [0x0000000778d80000,0x0000000778d80000,0x0000000786280000)
 ParOldGen       total 733696K, used 463910K [0x00000006c0000000, 0x00000006ecc80000, 0x000000076ab00000)
  object space 733696K, 63% used [0x00000006c0000000,0x00000006dc509960,0x00000006ecc80000)
 Metaspace       used 24016K, capacity 25330K, committed 25344K, reserved 1071104K
  class space    used 3336K, capacity 3581K, committed 3584K, reserved 1048576K
Event: 27.680 GC heap after
Heap after GC invocations=16 (full 3):
 PSYoungGen      total 450048K, used 74020K [0x000000076ab00000, 0x0000000795c00000, 0x00000007c0000000)
  eden space 231936K, 0% used [0x000000076ab00000,0x000000076ab00000,0x0000000778d80000)
  from space 218112K, 33% used [0x0000000778d80000,0x000000077d5c9248,0x0000000786280000)
  to   space 207360K, 0% used [0x0000000789180000,0x0000000789180000,0x0000000795c00000)
 ParOldGen       total 733696K, used 474222K [0x00000006c0000000, 0x00000006ecc80000, 0x000000076ab00000)
  object space 733696K, 64% used [0x00000006c0000000,0x00000006dcf1b960,0x00000006ecc80000)
 Metaspace       used 24016K, capacity 25330K, committed 25344K, reserved 1071104K
  class space    used 3336K, capacity 3581K, committed 3584K, reserved 1048576K
}

